2020-08-24 17:42:37,504 WARN  [SoapUI] Missing folder [C:\Users\AnithaRaman\Desktop\SDET\API\SOAP_Project\RestProject\my-app\ext] for external libraries
2020-08-24 17:42:37,991 INFO  [DefaultSoapUICore] initialized soapui-settings from [C:\Users\AnithaRaman\soapui-settings.xml]
2020-08-24 17:42:39,863 WARN  [SoapUI] Plugin 'ready-uxm-plugin-os-1.0.3.jar' is not loaded because it hasn't been signed by SmartBear Software.
2020-08-24 17:42:41,139 INFO  [PluginManager] Adding plugin from [C:\Users\AnithaRaman\.soapuios\plugins\readyapi-postman-1.0.1.jar]
2020-08-24 17:42:41,140 INFO  [PluginManager] Adding plugin from [C:\Users\AnithaRaman\.soapuios\plugins\soapui-swagger-plugin-2.2-dist.jar]
2020-08-24 17:42:43,336 ERROR [SoapUI] An error occurred [com.eviware.soapui.plugins.auto.factories.AutoImportMethodFactory], see error log for details
2020-08-24 17:42:43,347 ERROR [errorlog] java.lang.ClassNotFoundException: com.eviware.soapui.plugins.auto.factories.AutoImportMethodFactory
java.lang.ClassNotFoundException: com.eviware.soapui.plugins.auto.factories.AutoImportMethodFactory
	at org.codehaus.plexus.classworlds.strategy.SelfFirstStrategy.loadClass(SelfFirstStrategy.java:50)
	at org.codehaus.plexus.classworlds.realm.ClassRealm.unsynchronizedLoadClass(ClassRealm.java:271)
	at org.codehaus.plexus.classworlds.realm.ClassRealm.loadClass(ClassRealm.java:247)
	at org.codehaus.plexus.classworlds.realm.ClassRealm.loadClass(ClassRealm.java:239)
	at java.lang.Class.forName0(Native Method)
	at java.lang.Class.forName(Class.java:264)
	at com.eviware.soapui.plugins.LoaderBase.loadAutoFactories(LoaderBase.java:113)
	at com.eviware.soapui.plugins.LoaderBase.loadFactories(LoaderBase.java:80)
	at com.eviware.soapui.plugins.PluginLoader.loadPluginFactories(PluginLoader.java:141)
	at com.eviware.soapui.plugins.PluginLoader.loadPlugin(PluginLoader.java:104)
	at com.eviware.soapui.plugins.PluginLoader.loadPlugin(PluginLoader.java:54)
	at com.eviware.soapui.plugins.PluginManager.doInstallPlugin(PluginManager.java:141)
	at com.eviware.soapui.plugins.PluginManager.access$600(PluginManager.java:43)
	at com.eviware.soapui.plugins.PluginManager$LoadPluginsTask.computeSequentially(PluginManager.java:420)
	at com.eviware.soapui.plugins.PluginManager$LoadPluginsTask.compute(PluginManager.java:377)
	at com.eviware.soapui.plugins.PluginManager$LoadPluginsTask.compute(PluginManager.java:382)
	at com.eviware.soapui.plugins.PluginManager$LoadPluginsTask.compute(PluginManager.java:365)
	at java.util.concurrent.RecursiveTask.exec(RecursiveTask.java:94)
	at java.util.concurrent.ForkJoinTask.doExec(ForkJoinTask.java:289)
	at java.util.concurrent.ForkJoinPool$WorkQueue.runTask(ForkJoinPool.java:1056)
	at java.util.concurrent.ForkJoinPool.runWorker(ForkJoinPool.java:1692)
	at java.util.concurrent.ForkJoinWorkerThread.run(ForkJoinWorkerThread.java:157)
2020-08-24 17:42:43,846 ERROR [SoapUI] An error occurred [com.eviware.soapui.plugins.auto.factories.AutoDiscoveryMethodFactory], see error log for details
2020-08-24 17:42:43,848 ERROR [errorlog] java.lang.ClassNotFoundException: com.eviware.soapui.plugins.auto.factories.AutoDiscoveryMethodFactory
java.lang.ClassNotFoundException: com.eviware.soapui.plugins.auto.factories.AutoDiscoveryMethodFactory
	at org.codehaus.plexus.classworlds.strategy.SelfFirstStrategy.loadClass(SelfFirstStrategy.java:50)
	at org.codehaus.plexus.classworlds.realm.ClassRealm.unsynchronizedLoadClass(ClassRealm.java:271)
	at org.codehaus.plexus.classworlds.realm.ClassRealm.loadClass(ClassRealm.java:247)
	at org.codehaus.plexus.classworlds.realm.ClassRealm.loadClass(ClassRealm.java:239)
	at java.lang.Class.forName0(Native Method)
	at java.lang.Class.forName(Class.java:264)
	at com.eviware.soapui.plugins.LoaderBase.loadAutoFactories(LoaderBase.java:113)
	at com.eviware.soapui.plugins.LoaderBase.loadFactories(LoaderBase.java:80)
	at com.eviware.soapui.plugins.PluginLoader.loadPluginFactories(PluginLoader.java:141)
	at com.eviware.soapui.plugins.PluginLoader.loadPlugin(PluginLoader.java:104)
	at com.eviware.soapui.plugins.PluginLoader.loadPlugin(PluginLoader.java:54)
	at com.eviware.soapui.plugins.PluginManager.doInstallPlugin(PluginManager.java:141)
	at com.eviware.soapui.plugins.PluginManager.access$600(PluginManager.java:43)
	at com.eviware.soapui.plugins.PluginManager$LoadPluginsTask.computeSequentially(PluginManager.java:420)
	at com.eviware.soapui.plugins.PluginManager$LoadPluginsTask.compute(PluginManager.java:377)
	at com.eviware.soapui.plugins.PluginManager$LoadPluginsTask.compute(PluginManager.java:382)
	at com.eviware.soapui.plugins.PluginManager$LoadPluginsTask.compute(PluginManager.java:365)
	at java.util.concurrent.RecursiveTask.exec(RecursiveTask.java:94)
	at java.util.concurrent.ForkJoinTask.doExec(ForkJoinTask.java:289)
	at java.util.concurrent.ForkJoinPool$WorkQueue.runTask(ForkJoinPool.java:1056)
	at java.util.concurrent.ForkJoinPool.runWorker(ForkJoinPool.java:1692)
	at java.util.concurrent.ForkJoinWorkerThread.run(ForkJoinWorkerThread.java:157)
2020-08-24 17:42:44,131 ERROR [SoapUI] An error occurred [com.eviware.soapui.plugins.auto.factories.AutoImportMethodFactory], see error log for details
2020-08-24 17:42:44,137 ERROR [errorlog] java.lang.ClassNotFoundException: com.eviware.soapui.plugins.auto.factories.AutoImportMethodFactory
java.lang.ClassNotFoundException: com.eviware.soapui.plugins.auto.factories.AutoImportMethodFactory
	at org.codehaus.plexus.classworlds.strategy.SelfFirstStrategy.loadClass(SelfFirstStrategy.java:50)
	at org.codehaus.plexus.classworlds.realm.ClassRealm.unsynchronizedLoadClass(ClassRealm.java:271)
	at org.codehaus.plexus.classworlds.realm.ClassRealm.loadClass(ClassRealm.java:247)
	at org.codehaus.plexus.classworlds.realm.ClassRealm.loadClass(ClassRealm.java:239)
	at java.lang.Class.forName0(Native Method)
	at java.lang.Class.forName(Class.java:264)
	at com.eviware.soapui.plugins.LoaderBase.loadAutoFactories(LoaderBase.java:113)
	at com.eviware.soapui.plugins.LoaderBase.loadFactories(LoaderBase.java:80)
	at com.eviware.soapui.plugins.PluginLoader.loadPluginFactories(PluginLoader.java:141)
	at com.eviware.soapui.plugins.PluginLoader.loadPlugin(PluginLoader.java:104)
	at com.eviware.soapui.plugins.PluginLoader.loadPlugin(PluginLoader.java:54)
	at com.eviware.soapui.plugins.PluginManager.doInstallPlugin(PluginManager.java:141)
	at com.eviware.soapui.plugins.PluginManager.access$600(PluginManager.java:43)
	at com.eviware.soapui.plugins.PluginManager$LoadPluginsTask.computeSequentially(PluginManager.java:420)
	at com.eviware.soapui.plugins.PluginManager$LoadPluginsTask.compute(PluginManager.java:377)
	at com.eviware.soapui.plugins.PluginManager$LoadPluginsTask.compute(PluginManager.java:365)
	at java.util.concurrent.RecursiveTask.exec(RecursiveTask.java:94)
	at java.util.concurrent.ForkJoinTask.doExec(ForkJoinTask.java:289)
	at java.util.concurrent.ForkJoinPool$WorkQueue.runTask(ForkJoinPool.java:1056)
	at java.util.concurrent.ForkJoinPool.runWorker(ForkJoinPool.java:1692)
	at java.util.concurrent.ForkJoinWorkerThread.run(ForkJoinWorkerThread.java:157)
2020-08-24 17:42:44,294 INFO  [PluginManager] Adding plugin from [C:\Users\AnithaRaman\.soapuios\plugins\ready-mqtt-plugin-dist.jar]
2020-08-24 17:42:44,481 ERROR [SoapUI] An error occurred [com.eviware.soapui.plugins.auto.factories.AutoDiscoveryMethodFactory], see error log for details
2020-08-24 17:42:44,486 ERROR [errorlog] java.lang.ClassNotFoundException: com.eviware.soapui.plugins.auto.factories.AutoDiscoveryMethodFactory
java.lang.ClassNotFoundException: com.eviware.soapui.plugins.auto.factories.AutoDiscoveryMethodFactory
	at org.codehaus.plexus.classworlds.strategy.SelfFirstStrategy.loadClass(SelfFirstStrategy.java:50)
	at org.codehaus.plexus.classworlds.realm.ClassRealm.unsynchronizedLoadClass(ClassRealm.java:271)
	at org.codehaus.plexus.classworlds.realm.ClassRealm.loadClass(ClassRealm.java:247)
	at org.codehaus.plexus.classworlds.realm.ClassRealm.loadClass(ClassRealm.java:239)
	at java.lang.Class.forName0(Native Method)
	at java.lang.Class.forName(Class.java:264)
	at com.eviware.soapui.plugins.LoaderBase.loadAutoFactories(LoaderBase.java:113)
	at com.eviware.soapui.plugins.LoaderBase.loadFactories(LoaderBase.java:80)
	at com.eviware.soapui.plugins.PluginLoader.loadPluginFactories(PluginLoader.java:141)
	at com.eviware.soapui.plugins.PluginLoader.loadPlugin(PluginLoader.java:104)
	at com.eviware.soapui.plugins.PluginLoader.loadPlugin(PluginLoader.java:54)
	at com.eviware.soapui.plugins.PluginManager.doInstallPlugin(PluginManager.java:141)
	at com.eviware.soapui.plugins.PluginManager.access$600(PluginManager.java:43)
	at com.eviware.soapui.plugins.PluginManager$LoadPluginsTask.computeSequentially(PluginManager.java:420)
	at com.eviware.soapui.plugins.PluginManager$LoadPluginsTask.compute(PluginManager.java:377)
	at com.eviware.soapui.plugins.PluginManager$LoadPluginsTask.compute(PluginManager.java:365)
	at java.util.concurrent.RecursiveTask.exec(RecursiveTask.java:94)
	at java.util.concurrent.ForkJoinTask.doExec(ForkJoinTask.java:289)
	at java.util.concurrent.ForkJoinPool$WorkQueue.runTask(ForkJoinPool.java:1056)
	at java.util.concurrent.ForkJoinPool.runWorker(ForkJoinPool.java:1692)
	at java.util.concurrent.ForkJoinWorkerThread.run(ForkJoinWorkerThread.java:157)
2020-08-24 17:42:45,357 ERROR [SoapUI] An error occurred [com.eviware.soapui.plugins.auto.factories.AutoImportMethodFactory], see error log for details
2020-08-24 17:42:45,360 ERROR [errorlog] java.lang.ClassNotFoundException: com.eviware.soapui.plugins.auto.factories.AutoImportMethodFactory
java.lang.ClassNotFoundException: com.eviware.soapui.plugins.auto.factories.AutoImportMethodFactory
	at org.codehaus.plexus.classworlds.strategy.SelfFirstStrategy.loadClass(SelfFirstStrategy.java:50)
	at org.codehaus.plexus.classworlds.realm.ClassRealm.unsynchronizedLoadClass(ClassRealm.java:271)
	at org.codehaus.plexus.classworlds.realm.ClassRealm.loadClass(ClassRealm.java:247)
	at org.codehaus.plexus.classworlds.realm.ClassRealm.loadClass(ClassRealm.java:239)
	at java.lang.Class.forName0(Native Method)
	at java.lang.Class.forName(Class.java:264)
	at com.eviware.soapui.plugins.LoaderBase.loadAutoFactories(LoaderBase.java:113)
	at com.eviware.soapui.plugins.LoaderBase.loadFactories(LoaderBase.java:80)
	at com.eviware.soapui.plugins.PluginLoader.loadPluginFactories(PluginLoader.java:141)
	at com.eviware.soapui.plugins.PluginLoader.loadPlugin(PluginLoader.java:104)
	at com.eviware.soapui.plugins.PluginLoader.loadPlugin(PluginLoader.java:54)
	at com.eviware.soapui.plugins.PluginManager.doInstallPlugin(PluginManager.java:141)
	at com.eviware.soapui.plugins.PluginManager.access$600(PluginManager.java:43)
	at com.eviware.soapui.plugins.PluginManager$LoadPluginsTask.computeSequentially(PluginManager.java:420)
	at com.eviware.soapui.plugins.PluginManager$LoadPluginsTask.compute(PluginManager.java:377)
	at com.eviware.soapui.plugins.PluginManager$LoadPluginsTask.compute(PluginManager.java:382)
	at com.eviware.soapui.plugins.PluginManager$LoadPluginsTask.compute(PluginManager.java:365)
	at java.util.concurrent.RecursiveTask.exec(RecursiveTask.java:94)
	at java.util.concurrent.ForkJoinTask.doExec(ForkJoinTask.java:289)
	at java.util.concurrent.ForkJoinPool$WorkQueue.runTask(ForkJoinPool.java:1056)
	at java.util.concurrent.ForkJoinPool.runWorker(ForkJoinPool.java:1692)
	at java.util.concurrent.ForkJoinWorkerThread.run(ForkJoinWorkerThread.java:157)
2020-08-24 17:42:45,615 ERROR [SoapUI] An error occurred [com.eviware.soapui.plugins.auto.factories.AutoDiscoveryMethodFactory], see error log for details
2020-08-24 17:42:45,622 ERROR [errorlog] java.lang.ClassNotFoundException: com.eviware.soapui.plugins.auto.factories.AutoDiscoveryMethodFactory
java.lang.ClassNotFoundException: com.eviware.soapui.plugins.auto.factories.AutoDiscoveryMethodFactory
	at org.codehaus.plexus.classworlds.strategy.SelfFirstStrategy.loadClass(SelfFirstStrategy.java:50)
	at org.codehaus.plexus.classworlds.realm.ClassRealm.unsynchronizedLoadClass(ClassRealm.java:271)
	at org.codehaus.plexus.classworlds.realm.ClassRealm.loadClass(ClassRealm.java:247)
	at org.codehaus.plexus.classworlds.realm.ClassRealm.loadClass(ClassRealm.java:239)
	at java.lang.Class.forName0(Native Method)
	at java.lang.Class.forName(Class.java:264)
	at com.eviware.soapui.plugins.LoaderBase.loadAutoFactories(LoaderBase.java:113)
	at com.eviware.soapui.plugins.LoaderBase.loadFactories(LoaderBase.java:80)
	at com.eviware.soapui.plugins.PluginLoader.loadPluginFactories(PluginLoader.java:141)
	at com.eviware.soapui.plugins.PluginLoader.loadPlugin(PluginLoader.java:104)
	at com.eviware.soapui.plugins.PluginLoader.loadPlugin(PluginLoader.java:54)
	at com.eviware.soapui.plugins.PluginManager.doInstallPlugin(PluginManager.java:141)
	at com.eviware.soapui.plugins.PluginManager.access$600(PluginManager.java:43)
	at com.eviware.soapui.plugins.PluginManager$LoadPluginsTask.computeSequentially(PluginManager.java:420)
	at com.eviware.soapui.plugins.PluginManager$LoadPluginsTask.compute(PluginManager.java:377)
	at com.eviware.soapui.plugins.PluginManager$LoadPluginsTask.compute(PluginManager.java:382)
	at com.eviware.soapui.plugins.PluginManager$LoadPluginsTask.compute(PluginManager.java:365)
	at java.util.concurrent.RecursiveTask.exec(RecursiveTask.java:94)
	at java.util.concurrent.ForkJoinTask.doExec(ForkJoinTask.java:289)
	at java.util.concurrent.ForkJoinPool$WorkQueue.runTask(ForkJoinPool.java:1056)
	at java.util.concurrent.ForkJoinPool.runWorker(ForkJoinPool.java:1692)
	at java.util.concurrent.ForkJoinWorkerThread.run(ForkJoinWorkerThread.java:157)
2020-08-24 17:42:45,872 INFO  [PluginManager] Adding plugin from [C:\Users\AnithaRaman\.soapuios\plugins\readyapi-swaggerhub-plugin-1.0.jar]
2020-08-24 17:42:46,689 ERROR [SoapUI] An error occurred [com.eviware.soapui.plugins.auto.factories.AutoImportMethodFactory], see error log for details
2020-08-24 17:42:46,691 ERROR [errorlog] java.lang.ClassNotFoundException: com.eviware.soapui.plugins.auto.factories.AutoImportMethodFactory
java.lang.ClassNotFoundException: com.eviware.soapui.plugins.auto.factories.AutoImportMethodFactory
	at org.codehaus.plexus.classworlds.strategy.SelfFirstStrategy.loadClass(SelfFirstStrategy.java:50)
	at org.codehaus.plexus.classworlds.realm.ClassRealm.unsynchronizedLoadClass(ClassRealm.java:271)
	at org.codehaus.plexus.classworlds.realm.ClassRealm.loadClass(ClassRealm.java:247)
	at org.codehaus.plexus.classworlds.realm.ClassRealm.loadClass(ClassRealm.java:239)
	at java.lang.Class.forName0(Native Method)
	at java.lang.Class.forName(Class.java:264)
	at com.eviware.soapui.plugins.LoaderBase.loadAutoFactories(LoaderBase.java:113)
	at com.eviware.soapui.plugins.LoaderBase.loadFactories(LoaderBase.java:80)
	at com.eviware.soapui.plugins.PluginLoader.loadPluginFactories(PluginLoader.java:141)
	at com.eviware.soapui.plugins.PluginLoader.loadPlugin(PluginLoader.java:104)
	at com.eviware.soapui.plugins.PluginLoader.loadPlugin(PluginLoader.java:54)
	at com.eviware.soapui.plugins.PluginManager.doInstallPlugin(PluginManager.java:141)
	at com.eviware.soapui.plugins.PluginManager.access$600(PluginManager.java:43)
	at com.eviware.soapui.plugins.PluginManager$LoadPluginsTask.computeSequentially(PluginManager.java:420)
	at com.eviware.soapui.plugins.PluginManager$LoadPluginsTask.compute(PluginManager.java:377)
	at com.eviware.soapui.plugins.PluginManager$LoadPluginsTask.compute(PluginManager.java:382)
	at com.eviware.soapui.plugins.PluginManager$LoadPluginsTask.compute(PluginManager.java:365)
	at java.util.concurrent.RecursiveTask.exec(RecursiveTask.java:94)
	at java.util.concurrent.ForkJoinTask.doExec(ForkJoinTask.java:289)
	at java.util.concurrent.ForkJoinPool$WorkQueue.runTask(ForkJoinPool.java:1056)
	at java.util.concurrent.ForkJoinPool.runWorker(ForkJoinPool.java:1692)
	at java.util.concurrent.ForkJoinWorkerThread.run(ForkJoinWorkerThread.java:157)
2020-08-24 17:42:46,910 ERROR [SoapUI] An error occurred [com.eviware.soapui.plugins.auto.factories.AutoDiscoveryMethodFactory], see error log for details
2020-08-24 17:42:46,923 ERROR [errorlog] java.lang.ClassNotFoundException: com.eviware.soapui.plugins.auto.factories.AutoDiscoveryMethodFactory
java.lang.ClassNotFoundException: com.eviware.soapui.plugins.auto.factories.AutoDiscoveryMethodFactory
	at org.codehaus.plexus.classworlds.strategy.SelfFirstStrategy.loadClass(SelfFirstStrategy.java:50)
	at org.codehaus.plexus.classworlds.realm.ClassRealm.unsynchronizedLoadClass(ClassRealm.java:271)
	at org.codehaus.plexus.classworlds.realm.ClassRealm.loadClass(ClassRealm.java:247)
	at org.codehaus.plexus.classworlds.realm.ClassRealm.loadClass(ClassRealm.java:239)
	at java.lang.Class.forName0(Native Method)
	at java.lang.Class.forName(Class.java:264)
	at com.eviware.soapui.plugins.LoaderBase.loadAutoFactories(LoaderBase.java:113)
	at com.eviware.soapui.plugins.LoaderBase.loadFactories(LoaderBase.java:80)
	at com.eviware.soapui.plugins.PluginLoader.loadPluginFactories(PluginLoader.java:141)
	at com.eviware.soapui.plugins.PluginLoader.loadPlugin(PluginLoader.java:104)
	at com.eviware.soapui.plugins.PluginLoader.loadPlugin(PluginLoader.java:54)
	at com.eviware.soapui.plugins.PluginManager.doInstallPlugin(PluginManager.java:141)
	at com.eviware.soapui.plugins.PluginManager.access$600(PluginManager.java:43)
	at com.eviware.soapui.plugins.PluginManager$LoadPluginsTask.computeSequentially(PluginManager.java:420)
	at com.eviware.soapui.plugins.PluginManager$LoadPluginsTask.compute(PluginManager.java:377)
	at com.eviware.soapui.plugins.PluginManager$LoadPluginsTask.compute(PluginManager.java:382)
	at com.eviware.soapui.plugins.PluginManager$LoadPluginsTask.compute(PluginManager.java:365)
	at java.util.concurrent.RecursiveTask.exec(RecursiveTask.java:94)
	at java.util.concurrent.ForkJoinTask.doExec(ForkJoinTask.java:289)
	at java.util.concurrent.ForkJoinPool$WorkQueue.runTask(ForkJoinPool.java:1056)
	at java.util.concurrent.ForkJoinPool.runWorker(ForkJoinPool.java:1692)
	at java.util.concurrent.ForkJoinWorkerThread.run(ForkJoinWorkerThread.java:157)
2020-08-24 17:42:47,163 INFO  [PluginManager] 4 plugins loaded in 6033 ms
2020-08-24 17:42:47,167 INFO  [DefaultSoapUICore] All plugins loaded
2020-08-24 17:42:49,763 INFO  [WsdlProject] Loaded project from [file:/C:/Users/AnithaRaman/Desktop/SDET/API/SOAP_Project/RestProject/my-app/REST-Assignment-Project-soapui-project.xml]
2020-08-24 17:42:49,799 INFO  [SoapUITestCaseRunner] Running SoapUI tests in project [REST Assignment Project]
2020-08-24 17:42:49,809 INFO  [SoapUITestCaseRunner] Running Project [REST Assignment Project], runType = SEQUENTIAL
2020-08-24 17:42:49,851 INFO  [SoapUITestCaseRunner] Running SoapUI testcase [TC_001]
2020-08-24 17:42:49,908 INFO  [SoapUITestCaseRunner] running step [GetAccessToken]
2020-08-24 17:42:51,755 INFO  [log] 86f08ed3df3adecafc289d6045f141efb4f1d995
2020-08-24 17:42:51,842 INFO  [log] 86f08ed3df3adecafc289d6045f141efb4f1d995
2020-08-24 17:42:51,854 INFO  [SoapUITestCaseRunner] Assertion [Valid HTTP Status Codes] has status VALID
2020-08-24 17:42:51,856 INFO  [SoapUITestCaseRunner] Assertion [Script Assertion] has status VALID
2020-08-24 17:42:51,861 INFO  [SoapUITestCaseRunner] Finished running SoapUI testcase [TC_001], time taken: 871ms, status: FINISHED
2020-08-24 17:42:51,871 INFO  [SoapUITestCaseRunner] Running SoapUI testcase [TC_006]
2020-08-24 17:42:51,872 INFO  [SoapUITestCaseRunner] running step [Login]
2020-08-24 17:42:52,281 INFO  [log] upskills_admin
2020-08-24 17:42:52,291 INFO  [log] User logged in successfully
2020-08-24 17:42:52,292 INFO  [SoapUITestCaseRunner] Assertion [Valid HTTP Status Codes] has status VALID
2020-08-24 17:42:52,296 INFO  [SoapUITestCaseRunner] Assertion [Script Assertion] has status VALID
2020-08-24 17:42:52,302 INFO  [SoapUITestCaseRunner] running step [GetCustomerList]
2020-08-24 17:42:53,065 INFO  [log] id size 114
2020-08-24 17:42:53,071 INFO  [SoapUITestCaseRunner] Assertion [Valid HTTP Status Codes] has status VALID
2020-08-24 17:42:53,080 INFO  [SoapUITestCaseRunner] Assertion [Script Assertion] has status VALID
2020-08-24 17:42:53,085 INFO  [SoapUITestCaseRunner] running step [Logout]
2020-08-24 17:42:53,474 INFO  [SoapUITestCaseRunner] Assertion [Valid HTTP Status Codes] has status VALID
2020-08-24 17:42:53,475 INFO  [SoapUITestCaseRunner] Finished running SoapUI testcase [TC_006], time taken: 1214ms, status: FINISHED
2020-08-24 17:42:53,483 INFO  [SoapUITestCaseRunner] Running SoapUI testcase [TC_007]
2020-08-24 17:42:53,487 INFO  [SoapUITestCaseRunner] running step [Login]
2020-08-24 17:42:53,889 INFO  [log] upskills_admin
2020-08-24 17:42:53,889 INFO  [log] User logged in successfully
2020-08-24 17:42:53,892 INFO  [SoapUITestCaseRunner] Assertion [Valid HTTP Status Codes] has status VALID
2020-08-24 17:42:53,892 INFO  [SoapUITestCaseRunner] Assertion [Script Assertion] has status VALID
2020-08-24 17:42:53,903 INFO  [SoapUITestCaseRunner] running step [CreateCustomer]
2020-08-24 17:42:54,306 INFO  [log] {data=[], error=[Warning: E-Mail Address is already registered!], success=0}
2020-08-24 17:42:54,321 INFO  [log] []
2020-08-24 17:42:54,338 INFO  [log] []
2020-08-24 17:42:54,349 INFO  [SoapUITestCaseRunner] Assertion [Script Assertion] has status VALID
2020-08-24 17:42:54,350 INFO  [SoapUITestCaseRunner] running step [GetCustomerbyID]
2020-08-24 17:42:54,354 ERROR [SoapUI] An error occurred [Illegal character in path at index 53: http://rest-api.upskills.in/api/rest_admin/customers/[]], see error log for details
2020-08-24 17:42:54,358 ERROR [errorlog] java.net.URISyntaxException: Illegal character in path at index 53: http://rest-api.upskills.in/api/rest_admin/customers/[]
java.net.URISyntaxException: Illegal character in path at index 53: http://rest-api.upskills.in/api/rest_admin/customers/[]
	at java.net.URI$Parser.fail(URI.java:2848)
	at java.net.URI$Parser.checkChars(URI.java:3021)
	at java.net.URI$Parser.parseHierarchical(URI.java:3105)
	at java.net.URI$Parser.parse(URI.java:3053)
	at java.net.URI.<init>(URI.java:588)
	at org.apache.http.client.utils.URIUtils.createURI(URIUtils.java:106)
	at com.eviware.soapui.impl.wsdl.submit.filters.HttpRequestFilter.filterHttpRequest(HttpRequestFilter.java:219)
	at com.eviware.soapui.impl.wsdl.submit.filters.RestRequestFilter.filterRestRequest(RestRequestFilter.java:31)
	at com.eviware.soapui.impl.wsdl.submit.filters.AbstractRequestFilter.filterAbstractHttpRequest(AbstractRequestFilter.java:41)
	at com.eviware.soapui.impl.wsdl.submit.filters.AbstractRequestFilter.filterRequest(AbstractRequestFilter.java:33)
	at com.eviware.soapui.impl.wsdl.submit.transports.http.HttpClientRequestTransport.filterRequest(HttpClientRequestTransport.java:322)
	at com.eviware.soapui.impl.wsdl.submit.transports.http.HttpClientRequestTransport.sendRequest(HttpClientRequestTransport.java:184)
	at com.eviware.soapui.impl.wsdl.WsdlSubmit.run(WsdlSubmit.java:119)
	at com.eviware.soapui.impl.wsdl.WsdlSubmit.submitRequest(WsdlSubmit.java:79)
	at com.eviware.soapui.impl.rest.RestRequest.submit(RestRequest.java:192)
	at com.eviware.soapui.impl.wsdl.teststeps.RestTestRequestStep.run(RestTestRequestStep.java:794)
	at com.eviware.soapui.impl.wsdl.support.AbstractTestCaseRunner.runTestStep(AbstractTestCaseRunner.java:211)
	at com.eviware.soapui.impl.wsdl.testcase.WsdlTestCaseRunner.runCurrentTestStep(WsdlTestCaseRunner.java:47)
	at com.eviware.soapui.impl.wsdl.support.AbstractTestCaseRunner.internalRun(AbstractTestCaseRunner.java:138)
	at com.eviware.soapui.impl.wsdl.support.AbstractTestCaseRunner.internalRun(AbstractTestCaseRunner.java:46)
	at com.eviware.soapui.impl.wsdl.support.AbstractTestRunner.run(AbstractTestRunner.java:128)
	at java.util.concurrent.Executors$RunnableAdapter.call(Executors.java:511)
	at java.util.concurrent.FutureTask.run(FutureTask.java:266)
	at java.util.concurrent.ThreadPoolExecutor.runWorker(ThreadPoolExecutor.java:1149)
	at java.util.concurrent.ThreadPoolExecutor$Worker.run(ThreadPoolExecutor.java:624)
	at java.lang.Thread.run(Thread.java:748)
2020-08-24 17:42:55,265 INFO  [SoapUITestCaseRunner] Assertion [Valid HTTP Status Codes] has status VALID
2020-08-24 17:42:55,267 INFO  [SoapUITestCaseRunner] running step [Logout]
2020-08-24 17:42:55,590 INFO  [SoapUITestCaseRunner] Assertion [Valid HTTP Status Codes] has status VALID
2020-08-24 17:42:55,591 INFO  [SoapUITestCaseRunner] Finished running SoapUI testcase [TC_007], time taken: 1428ms, status: FINISHED
2020-08-24 17:42:55,596 INFO  [SoapUITestCaseRunner] Running SoapUI testcase [TC_002]
2020-08-24 17:42:55,598 INFO  [SoapUITestCaseRunner] running step [GetLogin_fromSheet]
2020-08-24 17:42:56,340 INFO  [log] upskills_admin
2020-08-24 17:42:56,355 INFO  [log] Talent4$$
2020-08-24 17:42:56,402 INFO  [SoapUITestCaseRunner] running step [Login]
2020-08-24 17:42:56,855 INFO  [log] upskills_admin
2020-08-24 17:42:56,856 INFO  [log] User logged in successfully
2020-08-24 17:42:56,858 INFO  [SoapUITestCaseRunner] Assertion [Valid HTTP Status Codes] has status VALID
2020-08-24 17:42:56,868 INFO  [SoapUITestCaseRunner] Assertion [Script Assertion] has status VALID
2020-08-24 17:42:56,870 INFO  [SoapUITestCaseRunner] running step [Logout]
2020-08-24 17:42:57,236 INFO  [SoapUITestCaseRunner] Assertion [Valid HTTP Status Codes] has status VALID
2020-08-24 17:42:57,237 INFO  [SoapUITestCaseRunner] Finished running SoapUI testcase [TC_002], time taken: 1510ms, status: FINISHED
2020-08-24 17:42:57,249 INFO  [SoapUITestCaseRunner] Running SoapUI testcase [TC_008]
2020-08-24 17:42:57,251 INFO  [SoapUITestCaseRunner] running step [Login]
2020-08-24 17:42:57,648 INFO  [log] upskills_admin
2020-08-24 17:42:57,650 INFO  [log] User logged in successfully
2020-08-24 17:42:57,655 INFO  [SoapUITestCaseRunner] Assertion [Valid HTTP Status Codes] has status VALID
2020-08-24 17:42:57,659 INFO  [SoapUITestCaseRunner] Assertion [Script Assertion] has status VALID
2020-08-24 17:42:57,663 INFO  [SoapUITestCaseRunner] running step [CreateCustomer]
2020-08-24 17:42:58,049 INFO  [log] []
2020-08-24 17:42:58,053 INFO  [SoapUITestCaseRunner] Assertion [Script Assertion] has status VALID
2020-08-24 17:42:58,059 INFO  [SoapUITestCaseRunner] running step [GetCustomerbyID]
2020-08-24 17:42:58,062 ERROR [SoapUI] An error occurred [Illegal character in path at index 53: http://rest-api.upskills.in/api/rest_admin/customers/[]], see error log for details
2020-08-24 17:42:58,063 ERROR [errorlog] java.net.URISyntaxException: Illegal character in path at index 53: http://rest-api.upskills.in/api/rest_admin/customers/[]
java.net.URISyntaxException: Illegal character in path at index 53: http://rest-api.upskills.in/api/rest_admin/customers/[]
	at java.net.URI$Parser.fail(URI.java:2848)
	at java.net.URI$Parser.checkChars(URI.java:3021)
	at java.net.URI$Parser.parseHierarchical(URI.java:3105)
	at java.net.URI$Parser.parse(URI.java:3053)
	at java.net.URI.<init>(URI.java:588)
	at org.apache.http.client.utils.URIUtils.createURI(URIUtils.java:106)
	at com.eviware.soapui.impl.wsdl.submit.filters.HttpRequestFilter.filterHttpRequest(HttpRequestFilter.java:219)
	at com.eviware.soapui.impl.wsdl.submit.filters.RestRequestFilter.filterRestRequest(RestRequestFilter.java:31)
	at com.eviware.soapui.impl.wsdl.submit.filters.AbstractRequestFilter.filterAbstractHttpRequest(AbstractRequestFilter.java:41)
	at com.eviware.soapui.impl.wsdl.submit.filters.AbstractRequestFilter.filterRequest(AbstractRequestFilter.java:33)
	at com.eviware.soapui.impl.wsdl.submit.transports.http.HttpClientRequestTransport.filterRequest(HttpClientRequestTransport.java:322)
	at com.eviware.soapui.impl.wsdl.submit.transports.http.HttpClientRequestTransport.sendRequest(HttpClientRequestTransport.java:184)
	at com.eviware.soapui.impl.wsdl.WsdlSubmit.run(WsdlSubmit.java:119)
	at com.eviware.soapui.impl.wsdl.WsdlSubmit.submitRequest(WsdlSubmit.java:79)
	at com.eviware.soapui.impl.rest.RestRequest.submit(RestRequest.java:192)
	at com.eviware.soapui.impl.wsdl.teststeps.RestTestRequestStep.run(RestTestRequestStep.java:794)
	at com.eviware.soapui.impl.wsdl.support.AbstractTestCaseRunner.runTestStep(AbstractTestCaseRunner.java:211)
	at com.eviware.soapui.impl.wsdl.testcase.WsdlTestCaseRunner.runCurrentTestStep(WsdlTestCaseRunner.java:47)
	at com.eviware.soapui.impl.wsdl.support.AbstractTestCaseRunner.internalRun(AbstractTestCaseRunner.java:138)
	at com.eviware.soapui.impl.wsdl.support.AbstractTestCaseRunner.internalRun(AbstractTestCaseRunner.java:46)
	at com.eviware.soapui.impl.wsdl.support.AbstractTestRunner.run(AbstractTestRunner.java:128)
	at java.util.concurrent.Executors$RunnableAdapter.call(Executors.java:511)
	at java.util.concurrent.FutureTask.run(FutureTask.java:266)
	at java.util.concurrent.ThreadPoolExecutor.runWorker(ThreadPoolExecutor.java:1149)
	at java.util.concurrent.ThreadPoolExecutor$Worker.run(ThreadPoolExecutor.java:624)
	at java.lang.Thread.run(Thread.java:748)
2020-08-24 17:42:58,771 INFO  [SoapUITestCaseRunner] Assertion [Valid HTTP Status Codes] has status VALID
2020-08-24 17:42:58,772 INFO  [SoapUITestCaseRunner] running step [ModifyCustomer]
2020-08-24 17:42:58,781 ERROR [SoapUI] An error occurred [Illegal character in path at index 53: http://rest-api.upskills.in/api/rest_admin/customers/[]], see error log for details
2020-08-24 17:42:58,783 ERROR [errorlog] java.net.URISyntaxException: Illegal character in path at index 53: http://rest-api.upskills.in/api/rest_admin/customers/[]
java.net.URISyntaxException: Illegal character in path at index 53: http://rest-api.upskills.in/api/rest_admin/customers/[]
	at java.net.URI$Parser.fail(URI.java:2848)
	at java.net.URI$Parser.checkChars(URI.java:3021)
	at java.net.URI$Parser.parseHierarchical(URI.java:3105)
	at java.net.URI$Parser.parse(URI.java:3053)
	at java.net.URI.<init>(URI.java:588)
	at org.apache.http.client.utils.URIUtils.createURI(URIUtils.java:106)
	at com.eviware.soapui.impl.wsdl.submit.filters.HttpRequestFilter.filterHttpRequest(HttpRequestFilter.java:219)
	at com.eviware.soapui.impl.wsdl.submit.filters.RestRequestFilter.filterRestRequest(RestRequestFilter.java:31)
	at com.eviware.soapui.impl.wsdl.submit.filters.AbstractRequestFilter.filterAbstractHttpRequest(AbstractRequestFilter.java:41)
	at com.eviware.soapui.impl.wsdl.submit.filters.AbstractRequestFilter.filterRequest(AbstractRequestFilter.java:33)
	at com.eviware.soapui.impl.wsdl.submit.transports.http.HttpClientRequestTransport.filterRequest(HttpClientRequestTransport.java:322)
	at com.eviware.soapui.impl.wsdl.submit.transports.http.HttpClientRequestTransport.sendRequest(HttpClientRequestTransport.java:184)
	at com.eviware.soapui.impl.wsdl.WsdlSubmit.run(WsdlSubmit.java:119)
	at com.eviware.soapui.impl.wsdl.WsdlSubmit.submitRequest(WsdlSubmit.java:79)
	at com.eviware.soapui.impl.rest.RestRequest.submit(RestRequest.java:192)
	at com.eviware.soapui.impl.wsdl.teststeps.RestTestRequestStep.run(RestTestRequestStep.java:794)
	at com.eviware.soapui.impl.wsdl.support.AbstractTestCaseRunner.runTestStep(AbstractTestCaseRunner.java:211)
	at com.eviware.soapui.impl.wsdl.testcase.WsdlTestCaseRunner.runCurrentTestStep(WsdlTestCaseRunner.java:47)
	at com.eviware.soapui.impl.wsdl.support.AbstractTestCaseRunner.internalRun(AbstractTestCaseRunner.java:138)
	at com.eviware.soapui.impl.wsdl.support.AbstractTestCaseRunner.internalRun(AbstractTestCaseRunner.java:46)
	at com.eviware.soapui.impl.wsdl.support.AbstractTestRunner.run(AbstractTestRunner.java:128)
	at java.util.concurrent.Executors$RunnableAdapter.call(Executors.java:511)
	at java.util.concurrent.FutureTask.run(FutureTask.java:266)
	at java.util.concurrent.ThreadPoolExecutor.runWorker(ThreadPoolExecutor.java:1149)
	at java.util.concurrent.ThreadPoolExecutor$Worker.run(ThreadPoolExecutor.java:624)
	at java.lang.Thread.run(Thread.java:748)
2020-08-24 17:42:59,452 INFO  [SoapUITestCaseRunner] Assertion [Valid HTTP Status Codes] has status VALID
2020-08-24 17:42:59,453 INFO  [SoapUITestCaseRunner] running step [GetCustomerbyID 1]
2020-08-24 17:42:59,455 ERROR [SoapUI] An error occurred [Illegal character in path at index 53: http://rest-api.upskills.in/api/rest_admin/customers/[]], see error log for details
2020-08-24 17:42:59,462 ERROR [errorlog] java.net.URISyntaxException: Illegal character in path at index 53: http://rest-api.upskills.in/api/rest_admin/customers/[]
java.net.URISyntaxException: Illegal character in path at index 53: http://rest-api.upskills.in/api/rest_admin/customers/[]
	at java.net.URI$Parser.fail(URI.java:2848)
	at java.net.URI$Parser.checkChars(URI.java:3021)
	at java.net.URI$Parser.parseHierarchical(URI.java:3105)
	at java.net.URI$Parser.parse(URI.java:3053)
	at java.net.URI.<init>(URI.java:588)
	at org.apache.http.client.utils.URIUtils.createURI(URIUtils.java:106)
	at com.eviware.soapui.impl.wsdl.submit.filters.HttpRequestFilter.filterHttpRequest(HttpRequestFilter.java:219)
	at com.eviware.soapui.impl.wsdl.submit.filters.RestRequestFilter.filterRestRequest(RestRequestFilter.java:31)
	at com.eviware.soapui.impl.wsdl.submit.filters.AbstractRequestFilter.filterAbstractHttpRequest(AbstractRequestFilter.java:41)
	at com.eviware.soapui.impl.wsdl.submit.filters.AbstractRequestFilter.filterRequest(AbstractRequestFilter.java:33)
	at com.eviware.soapui.impl.wsdl.submit.transports.http.HttpClientRequestTransport.filterRequest(HttpClientRequestTransport.java:322)
	at com.eviware.soapui.impl.wsdl.submit.transports.http.HttpClientRequestTransport.sendRequest(HttpClientRequestTransport.java:184)
	at com.eviware.soapui.impl.wsdl.WsdlSubmit.run(WsdlSubmit.java:119)
	at com.eviware.soapui.impl.wsdl.WsdlSubmit.submitRequest(WsdlSubmit.java:79)
	at com.eviware.soapui.impl.rest.RestRequest.submit(RestRequest.java:192)
	at com.eviware.soapui.impl.wsdl.teststeps.RestTestRequestStep.run(RestTestRequestStep.java:794)
	at com.eviware.soapui.impl.wsdl.support.AbstractTestCaseRunner.runTestStep(AbstractTestCaseRunner.java:211)
	at com.eviware.soapui.impl.wsdl.testcase.WsdlTestCaseRunner.runCurrentTestStep(WsdlTestCaseRunner.java:47)
	at com.eviware.soapui.impl.wsdl.support.AbstractTestCaseRunner.internalRun(AbstractTestCaseRunner.java:138)
	at com.eviware.soapui.impl.wsdl.support.AbstractTestCaseRunner.internalRun(AbstractTestCaseRunner.java:46)
	at com.eviware.soapui.impl.wsdl.support.AbstractTestRunner.run(AbstractTestRunner.java:128)
	at java.util.concurrent.Executors$RunnableAdapter.call(Executors.java:511)
	at java.util.concurrent.FutureTask.run(FutureTask.java:266)
	at java.util.concurrent.ThreadPoolExecutor.runWorker(ThreadPoolExecutor.java:1149)
	at java.util.concurrent.ThreadPoolExecutor$Worker.run(ThreadPoolExecutor.java:624)
	at java.lang.Thread.run(Thread.java:748)
2020-08-24 17:43:00,161 INFO  [SoapUITestCaseRunner] Assertion [Valid HTTP Status Codes] has status VALID
2020-08-24 17:43:00,162 INFO  [SoapUITestCaseRunner] running step [Logout]
2020-08-24 17:43:00,523 INFO  [SoapUITestCaseRunner] Assertion [Valid HTTP Status Codes] has status VALID
2020-08-24 17:43:00,523 INFO  [SoapUITestCaseRunner] Finished running SoapUI testcase [TC_008], time taken: 2184ms, status: FINISHED
2020-08-24 17:43:00,535 INFO  [SoapUITestCaseRunner] Running SoapUI testcase [DatadrivenTest_TC006]
2020-08-24 17:43:00,546 INFO  [SoapUITestCaseRunner] running step [TC_006_Datadriven]
2020-08-24 17:43:01,146 INFO  [SoapUITestCaseRunner] Running SoapUI testcase [TC_006]
2020-08-24 17:43:01,153 INFO  [SoapUITestCaseRunner] running step [Login]
2020-08-24 17:43:01,514 INFO  [log] upskills_admin
2020-08-24 17:43:01,516 INFO  [log] User logged in successfully
2020-08-24 17:43:01,523 INFO  [SoapUITestCaseRunner] Assertion [Valid HTTP Status Codes] has status VALID
2020-08-24 17:43:01,523 INFO  [SoapUITestCaseRunner] Assertion [Script Assertion] has status VALID
2020-08-24 17:43:01,530 INFO  [SoapUITestCaseRunner] running step [GetCustomerList]
2020-08-24 17:43:01,978 INFO  [log] id size 114
2020-08-24 17:43:01,986 INFO  [SoapUITestCaseRunner] Assertion [Valid HTTP Status Codes] has status VALID
2020-08-24 17:43:01,986 INFO  [SoapUITestCaseRunner] Assertion [Script Assertion] has status VALID
2020-08-24 17:43:01,989 INFO  [SoapUITestCaseRunner] running step [Logout]
2020-08-24 17:43:02,350 INFO  [SoapUITestCaseRunner] Assertion [Valid HTTP Status Codes] has status VALID
2020-08-24 17:43:02,351 INFO  [SoapUITestCaseRunner] Finished running SoapUI testcase [TC_006], time taken: 1062ms, status: FINISHED
2020-08-24 17:43:02,397 INFO  [log] Status: FINISHED, time taken for TestCase was: 1062 ms
2020-08-24 17:43:02,415 INFO  [log] Number of test steps which ran: 3
2020-08-24 17:43:02,436 INFO  [SoapUITestCaseRunner] Running SoapUI testcase [TC_006]
2020-08-24 17:43:02,470 INFO  [SoapUITestCaseRunner] running step [Login]
2020-08-24 17:43:02,851 INFO  [log] upskills_admin
2020-08-24 17:43:02,859 INFO  [log] User logged in successfully
2020-08-24 17:43:02,893 INFO  [SoapUITestCaseRunner] Assertion [Valid HTTP Status Codes] has status VALID
2020-08-24 17:43:02,926 INFO  [SoapUITestCaseRunner] Assertion [Script Assertion] has status VALID
2020-08-24 17:43:02,931 INFO  [SoapUITestCaseRunner] running step [GetCustomerList]
2020-08-24 17:43:03,447 INFO  [log] id size 114
2020-08-24 17:43:03,454 INFO  [SoapUITestCaseRunner] Assertion [Valid HTTP Status Codes] has status VALID
2020-08-24 17:43:03,454 INFO  [SoapUITestCaseRunner] Assertion [Script Assertion] has status VALID
2020-08-24 17:43:03,459 INFO  [SoapUITestCaseRunner] running step [Logout]
2020-08-24 17:43:03,783 INFO  [SoapUITestCaseRunner] Assertion [Valid HTTP Status Codes] has status VALID
2020-08-24 17:43:03,784 INFO  [SoapUITestCaseRunner] Finished running SoapUI testcase [TC_006], time taken: 1129ms, status: FINISHED
2020-08-24 17:43:03,785 INFO  [log] Status: FINISHED, time taken for TestCase was: 1129 ms
2020-08-24 17:43:03,790 INFO  [log] Number of test steps which ran: 3
2020-08-24 17:43:03,795 INFO  [SoapUITestCaseRunner] Running SoapUI testcase [TC_006]
2020-08-24 17:43:03,796 INFO  [SoapUITestCaseRunner] running step [Login]
2020-08-24 17:43:04,117 INFO  [log] upskills_admin
2020-08-24 17:43:04,129 INFO  [log] User logged in successfully
2020-08-24 17:43:04,132 INFO  [SoapUITestCaseRunner] Assertion [Valid HTTP Status Codes] has status VALID
2020-08-24 17:43:04,132 INFO  [SoapUITestCaseRunner] Assertion [Script Assertion] has status VALID
2020-08-24 17:43:04,138 INFO  [SoapUITestCaseRunner] running step [GetCustomerList]
2020-08-24 17:43:04,603 INFO  [log] id size 114
2020-08-24 17:43:04,620 INFO  [SoapUITestCaseRunner] Assertion [Valid HTTP Status Codes] has status VALID
2020-08-24 17:43:04,622 INFO  [SoapUITestCaseRunner] Assertion [Script Assertion] has status VALID
2020-08-24 17:43:04,628 INFO  [SoapUITestCaseRunner] running step [Logout]
2020-08-24 17:43:05,038 INFO  [SoapUITestCaseRunner] Assertion [Valid HTTP Status Codes] has status VALID
2020-08-24 17:43:05,038 INFO  [SoapUITestCaseRunner] Finished running SoapUI testcase [TC_006], time taken: 1141ms, status: FINISHED
2020-08-24 17:43:05,042 INFO  [log] Status: FINISHED, time taken for TestCase was: 1141 ms
2020-08-24 17:43:05,044 INFO  [log] Number of test steps which ran: 3
2020-08-24 17:43:05,049 INFO  [SoapUITestCaseRunner] Running SoapUI testcase [TC_006]
2020-08-24 17:43:05,051 INFO  [SoapUITestCaseRunner] running step [Login]
2020-08-24 17:43:05,404 INFO  [log] upskills_admin
2020-08-24 17:43:05,413 INFO  [log] User logged in successfully
2020-08-24 17:43:05,415 INFO  [SoapUITestCaseRunner] Assertion [Valid HTTP Status Codes] has status VALID
2020-08-24 17:43:05,418 INFO  [SoapUITestCaseRunner] Assertion [Script Assertion] has status VALID
2020-08-24 17:43:05,421 INFO  [SoapUITestCaseRunner] running step [GetCustomerList]
2020-08-24 17:43:05,840 INFO  [log] id size 114
2020-08-24 17:43:05,875 INFO  [SoapUITestCaseRunner] Assertion [Valid HTTP Status Codes] has status VALID
2020-08-24 17:43:05,881 INFO  [SoapUITestCaseRunner] Assertion [Script Assertion] has status VALID
2020-08-24 17:43:05,882 INFO  [SoapUITestCaseRunner] running step [Logout]
2020-08-24 17:43:06,231 INFO  [SoapUITestCaseRunner] Assertion [Valid HTTP Status Codes] has status VALID
2020-08-24 17:43:06,233 INFO  [SoapUITestCaseRunner] Finished running SoapUI testcase [TC_006], time taken: 1020ms, status: FINISHED
2020-08-24 17:43:06,234 INFO  [log] Status: FINISHED, time taken for TestCase was: 1020 ms
2020-08-24 17:43:06,241 INFO  [log] Number of test steps which ran: 3
2020-08-24 17:43:06,245 INFO  [SoapUITestCaseRunner] Running SoapUI testcase [TC_006]
2020-08-24 17:43:06,248 INFO  [SoapUITestCaseRunner] running step [Login]
2020-08-24 17:43:06,574 INFO  [log] upskills_admin
2020-08-24 17:43:06,582 INFO  [log] User logged in successfully
2020-08-24 17:43:06,584 INFO  [SoapUITestCaseRunner] Assertion [Valid HTTP Status Codes] has status VALID
2020-08-24 17:43:06,586 INFO  [SoapUITestCaseRunner] Assertion [Script Assertion] has status VALID
2020-08-24 17:43:06,591 INFO  [SoapUITestCaseRunner] running step [GetCustomerList]
2020-08-24 17:43:07,219 INFO  [log] id size 114
2020-08-24 17:43:07,225 INFO  [SoapUITestCaseRunner] Assertion [Valid HTTP Status Codes] has status VALID
2020-08-24 17:43:07,225 INFO  [SoapUITestCaseRunner] Assertion [Script Assertion] has status VALID
2020-08-24 17:43:07,230 INFO  [SoapUITestCaseRunner] running step [Logout]
2020-08-24 17:43:07,564 INFO  [SoapUITestCaseRunner] Assertion [Valid HTTP Status Codes] has status VALID
2020-08-24 17:43:07,564 INFO  [SoapUITestCaseRunner] Finished running SoapUI testcase [TC_006], time taken: 1248ms, status: FINISHED
2020-08-24 17:43:07,567 INFO  [log] Status: FINISHED, time taken for TestCase was: 1248 ms
2020-08-24 17:43:07,568 INFO  [log] Number of test steps which ran: 3
2020-08-24 17:43:07,568 INFO  [SoapUITestCaseRunner] Finished running SoapUI testcase [DatadrivenTest_TC006], time taken: 7020ms, status: FINISHED
2020-08-24 17:43:07,582 INFO  [SoapUITestCaseRunner] Running SoapUI testcase [DatadrivenTest_TC007]
2020-08-24 17:43:07,588 INFO  [SoapUITestCaseRunner] running step [TC_007_Datadriven]
2020-08-24 17:43:07,999 INFO  [log] 3
2020-08-24 17:43:08,000 INFO  [log] 6
2020-08-24 17:43:08,006 INFO  [SoapUITestCaseRunner] Running SoapUI testcase [TC_007]
2020-08-24 17:43:08,019 INFO  [SoapUITestCaseRunner] running step [Login]
2020-08-24 17:43:08,402 INFO  [log] upskills_admin
2020-08-24 17:43:08,442 INFO  [log] User logged in successfully
2020-08-24 17:43:08,449 INFO  [SoapUITestCaseRunner] Assertion [Valid HTTP Status Codes] has status VALID
2020-08-24 17:43:08,453 INFO  [SoapUITestCaseRunner] Assertion [Script Assertion] has status VALID
2020-08-24 17:43:08,459 INFO  [SoapUITestCaseRunner] running step [CreateCustomer]
2020-08-24 17:43:08,821 INFO  [log] {data=[], error=[Warning: E-Mail Address is already registered!], success=0}
2020-08-24 17:43:08,834 INFO  [log] []
2020-08-24 17:43:08,849 INFO  [log] []
2020-08-24 17:43:08,865 INFO  [SoapUITestCaseRunner] Assertion [Script Assertion] has status VALID
2020-08-24 17:43:08,874 INFO  [SoapUITestCaseRunner] running step [GetCustomerbyID]
2020-08-24 17:43:08,878 ERROR [SoapUI] An error occurred [Illegal character in path at index 53: http://rest-api.upskills.in/api/rest_admin/customers/[]], see error log for details
2020-08-24 17:43:08,880 ERROR [errorlog] java.net.URISyntaxException: Illegal character in path at index 53: http://rest-api.upskills.in/api/rest_admin/customers/[]
java.net.URISyntaxException: Illegal character in path at index 53: http://rest-api.upskills.in/api/rest_admin/customers/[]
	at java.net.URI$Parser.fail(URI.java:2848)
	at java.net.URI$Parser.checkChars(URI.java:3021)
	at java.net.URI$Parser.parseHierarchical(URI.java:3105)
	at java.net.URI$Parser.parse(URI.java:3053)
	at java.net.URI.<init>(URI.java:588)
	at org.apache.http.client.utils.URIUtils.createURI(URIUtils.java:106)
	at com.eviware.soapui.impl.wsdl.submit.filters.HttpRequestFilter.filterHttpRequest(HttpRequestFilter.java:219)
	at com.eviware.soapui.impl.wsdl.submit.filters.RestRequestFilter.filterRestRequest(RestRequestFilter.java:31)
	at com.eviware.soapui.impl.wsdl.submit.filters.AbstractRequestFilter.filterAbstractHttpRequest(AbstractRequestFilter.java:41)
	at com.eviware.soapui.impl.wsdl.submit.filters.AbstractRequestFilter.filterRequest(AbstractRequestFilter.java:33)
	at com.eviware.soapui.impl.wsdl.submit.transports.http.HttpClientRequestTransport.filterRequest(HttpClientRequestTransport.java:322)
	at com.eviware.soapui.impl.wsdl.submit.transports.http.HttpClientRequestTransport.sendRequest(HttpClientRequestTransport.java:184)
	at com.eviware.soapui.impl.wsdl.WsdlSubmit.run(WsdlSubmit.java:119)
	at com.eviware.soapui.impl.wsdl.WsdlSubmit.submitRequest(WsdlSubmit.java:79)
	at com.eviware.soapui.impl.rest.RestRequest.submit(RestRequest.java:192)
	at com.eviware.soapui.impl.wsdl.teststeps.RestTestRequestStep.run(RestTestRequestStep.java:794)
	at com.eviware.soapui.impl.wsdl.support.AbstractTestCaseRunner.runTestStep(AbstractTestCaseRunner.java:211)
	at com.eviware.soapui.impl.wsdl.testcase.WsdlTestCaseRunner.runCurrentTestStep(WsdlTestCaseRunner.java:47)
	at com.eviware.soapui.impl.wsdl.support.AbstractTestCaseRunner.internalRun(AbstractTestCaseRunner.java:138)
	at com.eviware.soapui.impl.wsdl.support.AbstractTestCaseRunner.internalRun(AbstractTestCaseRunner.java:46)
	at com.eviware.soapui.impl.wsdl.support.AbstractTestRunner.run(AbstractTestRunner.java:128)
	at com.eviware.soapui.impl.wsdl.support.AbstractTestRunner.start(AbstractTestRunner.java:76)
	at com.eviware.soapui.impl.wsdl.testcase.WsdlTestCase.run(WsdlTestCase.java:594)
	at com.eviware.soapui.impl.wsdl.testcase.WsdlTestCase.run(WsdlTestCase.java:78)
	at com.eviware.soapui.model.testsuite.TestCase$run.call(Unknown Source)
	at org.codehaus.groovy.runtime.callsite.CallSiteArray.defaultCall(CallSiteArray.java:48)
	at org.codehaus.groovy.runtime.callsite.AbstractCallSite.call(AbstractCallSite.java:113)
	at org.codehaus.groovy.runtime.callsite.AbstractCallSite.call(AbstractCallSite.java:133)
	at Script1.run(Script1.groovy:39)
	at com.eviware.soapui.support.scripting.groovy.SoapUIGroovyScriptEngine.run(SoapUIGroovyScriptEngine.java:90)
	at com.eviware.soapui.impl.wsdl.teststeps.WsdlGroovyScriptTestStep.run(WsdlGroovyScriptTestStep.java:141)
	at com.eviware.soapui.impl.wsdl.support.AbstractTestCaseRunner.runTestStep(AbstractTestCaseRunner.java:211)
	at com.eviware.soapui.impl.wsdl.testcase.WsdlTestCaseRunner.runCurrentTestStep(WsdlTestCaseRunner.java:47)
	at com.eviware.soapui.impl.wsdl.support.AbstractTestCaseRunner.internalRun(AbstractTestCaseRunner.java:138)
	at com.eviware.soapui.impl.wsdl.support.AbstractTestCaseRunner.internalRun(AbstractTestCaseRunner.java:46)
	at com.eviware.soapui.impl.wsdl.support.AbstractTestRunner.run(AbstractTestRunner.java:128)
	at java.util.concurrent.Executors$RunnableAdapter.call(Executors.java:511)
	at java.util.concurrent.FutureTask.run(FutureTask.java:266)
	at java.util.concurrent.ThreadPoolExecutor.runWorker(ThreadPoolExecutor.java:1149)
	at java.util.concurrent.ThreadPoolExecutor$Worker.run(ThreadPoolExecutor.java:624)
	at java.lang.Thread.run(Thread.java:748)
2020-08-24 17:43:09,883 INFO  [SoapUITestCaseRunner] Assertion [Valid HTTP Status Codes] has status VALID
2020-08-24 17:43:09,901 INFO  [SoapUITestCaseRunner] running step [Logout]
2020-08-24 17:43:10,644 INFO  [SoapUITestCaseRunner] Assertion [Valid HTTP Status Codes] has status VALID
2020-08-24 17:43:10,646 INFO  [SoapUITestCaseRunner] Finished running SoapUI testcase [TC_007], time taken: 1836ms, status: FINISHED
2020-08-24 17:43:10,648 INFO  [log] Status: FINISHED, time taken for TestCase was: 1836 ms
2020-08-24 17:43:10,651 INFO  [log] Number of test steps which ran: 4
2020-08-24 17:43:10,657 INFO  [SoapUITestCaseRunner] Running SoapUI testcase [TC_007]
2020-08-24 17:43:10,659 INFO  [SoapUITestCaseRunner] running step [Login]
2020-08-24 17:43:10,990 INFO  [log] upskills_admin
2020-08-24 17:43:10,990 INFO  [log] User logged in successfully
2020-08-24 17:43:10,993 INFO  [SoapUITestCaseRunner] Assertion [Valid HTTP Status Codes] has status VALID
2020-08-24 17:43:10,998 INFO  [SoapUITestCaseRunner] Assertion [Script Assertion] has status VALID
2020-08-24 17:43:10,999 INFO  [SoapUITestCaseRunner] running step [CreateCustomer]
2020-08-24 17:43:11,343 INFO  [log] {data=[], error=[Warning: E-Mail Address is already registered!], success=0}
2020-08-24 17:43:11,346 INFO  [log] []
2020-08-24 17:43:11,348 INFO  [log] []
2020-08-24 17:43:11,350 INFO  [SoapUITestCaseRunner] Assertion [Script Assertion] has status VALID
2020-08-24 17:43:11,359 INFO  [SoapUITestCaseRunner] running step [GetCustomerbyID]
2020-08-24 17:43:11,360 ERROR [SoapUI] An error occurred [Illegal character in path at index 53: http://rest-api.upskills.in/api/rest_admin/customers/[]], see error log for details
2020-08-24 17:43:11,365 ERROR [errorlog] java.net.URISyntaxException: Illegal character in path at index 53: http://rest-api.upskills.in/api/rest_admin/customers/[]
java.net.URISyntaxException: Illegal character in path at index 53: http://rest-api.upskills.in/api/rest_admin/customers/[]
	at java.net.URI$Parser.fail(URI.java:2848)
	at java.net.URI$Parser.checkChars(URI.java:3021)
	at java.net.URI$Parser.parseHierarchical(URI.java:3105)
	at java.net.URI$Parser.parse(URI.java:3053)
	at java.net.URI.<init>(URI.java:588)
	at org.apache.http.client.utils.URIUtils.createURI(URIUtils.java:106)
	at com.eviware.soapui.impl.wsdl.submit.filters.HttpRequestFilter.filterHttpRequest(HttpRequestFilter.java:219)
	at com.eviware.soapui.impl.wsdl.submit.filters.RestRequestFilter.filterRestRequest(RestRequestFilter.java:31)
	at com.eviware.soapui.impl.wsdl.submit.filters.AbstractRequestFilter.filterAbstractHttpRequest(AbstractRequestFilter.java:41)
	at com.eviware.soapui.impl.wsdl.submit.filters.AbstractRequestFilter.filterRequest(AbstractRequestFilter.java:33)
	at com.eviware.soapui.impl.wsdl.submit.transports.http.HttpClientRequestTransport.filterRequest(HttpClientRequestTransport.java:322)
	at com.eviware.soapui.impl.wsdl.submit.transports.http.HttpClientRequestTransport.sendRequest(HttpClientRequestTransport.java:184)
	at com.eviware.soapui.impl.wsdl.WsdlSubmit.run(WsdlSubmit.java:119)
	at com.eviware.soapui.impl.wsdl.WsdlSubmit.submitRequest(WsdlSubmit.java:79)
	at com.eviware.soapui.impl.rest.RestRequest.submit(RestRequest.java:192)
	at com.eviware.soapui.impl.wsdl.teststeps.RestTestRequestStep.run(RestTestRequestStep.java:794)
	at com.eviware.soapui.impl.wsdl.support.AbstractTestCaseRunner.runTestStep(AbstractTestCaseRunner.java:211)
	at com.eviware.soapui.impl.wsdl.testcase.WsdlTestCaseRunner.runCurrentTestStep(WsdlTestCaseRunner.java:47)
	at com.eviware.soapui.impl.wsdl.support.AbstractTestCaseRunner.internalRun(AbstractTestCaseRunner.java:138)
	at com.eviware.soapui.impl.wsdl.support.AbstractTestCaseRunner.internalRun(AbstractTestCaseRunner.java:46)
	at com.eviware.soapui.impl.wsdl.support.AbstractTestRunner.run(AbstractTestRunner.java:128)
	at com.eviware.soapui.impl.wsdl.support.AbstractTestRunner.start(AbstractTestRunner.java:76)
	at com.eviware.soapui.impl.wsdl.testcase.WsdlTestCase.run(WsdlTestCase.java:594)
	at com.eviware.soapui.impl.wsdl.testcase.WsdlTestCase.run(WsdlTestCase.java:78)
	at com.eviware.soapui.model.testsuite.TestCase$run.call(Unknown Source)
	at Script1.run(Script1.groovy:39)
	at com.eviware.soapui.support.scripting.groovy.SoapUIGroovyScriptEngine.run(SoapUIGroovyScriptEngine.java:90)
	at com.eviware.soapui.impl.wsdl.teststeps.WsdlGroovyScriptTestStep.run(WsdlGroovyScriptTestStep.java:141)
	at com.eviware.soapui.impl.wsdl.support.AbstractTestCaseRunner.runTestStep(AbstractTestCaseRunner.java:211)
	at com.eviware.soapui.impl.wsdl.testcase.WsdlTestCaseRunner.runCurrentTestStep(WsdlTestCaseRunner.java:47)
	at com.eviware.soapui.impl.wsdl.support.AbstractTestCaseRunner.internalRun(AbstractTestCaseRunner.java:138)
	at com.eviware.soapui.impl.wsdl.support.AbstractTestCaseRunner.internalRun(AbstractTestCaseRunner.java:46)
	at com.eviware.soapui.impl.wsdl.support.AbstractTestRunner.run(AbstractTestRunner.java:128)
	at java.util.concurrent.Executors$RunnableAdapter.call(Executors.java:511)
	at java.util.concurrent.FutureTask.run(FutureTask.java:266)
	at java.util.concurrent.ThreadPoolExecutor.runWorker(ThreadPoolExecutor.java:1149)
	at java.util.concurrent.ThreadPoolExecutor$Worker.run(ThreadPoolExecutor.java:624)
	at java.lang.Thread.run(Thread.java:748)
2020-08-24 17:43:12,109 INFO  [SoapUITestCaseRunner] Assertion [Valid HTTP Status Codes] has status VALID
2020-08-24 17:43:12,109 INFO  [SoapUITestCaseRunner] running step [Logout]
2020-08-24 17:43:12,615 INFO  [SoapUITestCaseRunner] Assertion [Valid HTTP Status Codes] has status VALID
2020-08-24 17:43:12,618 INFO  [SoapUITestCaseRunner] Finished running SoapUI testcase [TC_007], time taken: 1534ms, status: FINISHED
2020-08-24 17:43:12,622 INFO  [log] Status: FINISHED, time taken for TestCase was: 1534 ms
2020-08-24 17:43:12,623 INFO  [log] Number of test steps which ran: 4
2020-08-24 17:43:12,624 INFO  [SoapUITestCaseRunner] Running SoapUI testcase [TC_007]
2020-08-24 17:43:12,628 INFO  [SoapUITestCaseRunner] running step [Login]
2020-08-24 17:43:12,958 INFO  [log] upskills_admin
2020-08-24 17:43:12,959 INFO  [log] User logged in successfully
2020-08-24 17:43:12,960 INFO  [SoapUITestCaseRunner] Assertion [Valid HTTP Status Codes] has status VALID
2020-08-24 17:43:12,961 INFO  [SoapUITestCaseRunner] Assertion [Script Assertion] has status VALID
2020-08-24 17:43:12,963 INFO  [SoapUITestCaseRunner] running step [CreateCustomer]
2020-08-24 17:43:13,317 INFO  [log] {data=[], error=[Warning: E-Mail Address is already registered!], success=0}
2020-08-24 17:43:13,317 INFO  [log] []
2020-08-24 17:43:13,322 INFO  [log] []
2020-08-24 17:43:13,327 INFO  [SoapUITestCaseRunner] Assertion [Script Assertion] has status VALID
2020-08-24 17:43:13,331 INFO  [SoapUITestCaseRunner] running step [GetCustomerbyID]
2020-08-24 17:43:13,333 ERROR [SoapUI] An error occurred [Illegal character in path at index 53: http://rest-api.upskills.in/api/rest_admin/customers/[]], see error log for details
2020-08-24 17:43:13,343 ERROR [errorlog] java.net.URISyntaxException: Illegal character in path at index 53: http://rest-api.upskills.in/api/rest_admin/customers/[]
java.net.URISyntaxException: Illegal character in path at index 53: http://rest-api.upskills.in/api/rest_admin/customers/[]
	at java.net.URI$Parser.fail(URI.java:2848)
	at java.net.URI$Parser.checkChars(URI.java:3021)
	at java.net.URI$Parser.parseHierarchical(URI.java:3105)
	at java.net.URI$Parser.parse(URI.java:3053)
	at java.net.URI.<init>(URI.java:588)
	at org.apache.http.client.utils.URIUtils.createURI(URIUtils.java:106)
	at com.eviware.soapui.impl.wsdl.submit.filters.HttpRequestFilter.filterHttpRequest(HttpRequestFilter.java:219)
	at com.eviware.soapui.impl.wsdl.submit.filters.RestRequestFilter.filterRestRequest(RestRequestFilter.java:31)
	at com.eviware.soapui.impl.wsdl.submit.filters.AbstractRequestFilter.filterAbstractHttpRequest(AbstractRequestFilter.java:41)
	at com.eviware.soapui.impl.wsdl.submit.filters.AbstractRequestFilter.filterRequest(AbstractRequestFilter.java:33)
	at com.eviware.soapui.impl.wsdl.submit.transports.http.HttpClientRequestTransport.filterRequest(HttpClientRequestTransport.java:322)
	at com.eviware.soapui.impl.wsdl.submit.transports.http.HttpClientRequestTransport.sendRequest(HttpClientRequestTransport.java:184)
	at com.eviware.soapui.impl.wsdl.WsdlSubmit.run(WsdlSubmit.java:119)
	at com.eviware.soapui.impl.wsdl.WsdlSubmit.submitRequest(WsdlSubmit.java:79)
	at com.eviware.soapui.impl.rest.RestRequest.submit(RestRequest.java:192)
	at com.eviware.soapui.impl.wsdl.teststeps.RestTestRequestStep.run(RestTestRequestStep.java:794)
	at com.eviware.soapui.impl.wsdl.support.AbstractTestCaseRunner.runTestStep(AbstractTestCaseRunner.java:211)
	at com.eviware.soapui.impl.wsdl.testcase.WsdlTestCaseRunner.runCurrentTestStep(WsdlTestCaseRunner.java:47)
	at com.eviware.soapui.impl.wsdl.support.AbstractTestCaseRunner.internalRun(AbstractTestCaseRunner.java:138)
	at com.eviware.soapui.impl.wsdl.support.AbstractTestCaseRunner.internalRun(AbstractTestCaseRunner.java:46)
	at com.eviware.soapui.impl.wsdl.support.AbstractTestRunner.run(AbstractTestRunner.java:128)
	at com.eviware.soapui.impl.wsdl.support.AbstractTestRunner.start(AbstractTestRunner.java:76)
	at com.eviware.soapui.impl.wsdl.testcase.WsdlTestCase.run(WsdlTestCase.java:594)
	at com.eviware.soapui.impl.wsdl.testcase.WsdlTestCase.run(WsdlTestCase.java:78)
	at com.eviware.soapui.model.testsuite.TestCase$run.call(Unknown Source)
	at Script1.run(Script1.groovy:39)
	at com.eviware.soapui.support.scripting.groovy.SoapUIGroovyScriptEngine.run(SoapUIGroovyScriptEngine.java:90)
	at com.eviware.soapui.impl.wsdl.teststeps.WsdlGroovyScriptTestStep.run(WsdlGroovyScriptTestStep.java:141)
	at com.eviware.soapui.impl.wsdl.support.AbstractTestCaseRunner.runTestStep(AbstractTestCaseRunner.java:211)
	at com.eviware.soapui.impl.wsdl.testcase.WsdlTestCaseRunner.runCurrentTestStep(WsdlTestCaseRunner.java:47)
	at com.eviware.soapui.impl.wsdl.support.AbstractTestCaseRunner.internalRun(AbstractTestCaseRunner.java:138)
	at com.eviware.soapui.impl.wsdl.support.AbstractTestCaseRunner.internalRun(AbstractTestCaseRunner.java:46)
	at com.eviware.soapui.impl.wsdl.support.AbstractTestRunner.run(AbstractTestRunner.java:128)
	at java.util.concurrent.Executors$RunnableAdapter.call(Executors.java:511)
	at java.util.concurrent.FutureTask.run(FutureTask.java:266)
	at java.util.concurrent.ThreadPoolExecutor.runWorker(ThreadPoolExecutor.java:1149)
	at java.util.concurrent.ThreadPoolExecutor$Worker.run(ThreadPoolExecutor.java:624)
	at java.lang.Thread.run(Thread.java:748)
2020-08-24 17:43:14,243 INFO  [SoapUITestCaseRunner] Assertion [Valid HTTP Status Codes] has status VALID
2020-08-24 17:43:14,244 INFO  [SoapUITestCaseRunner] running step [Logout]
2020-08-24 17:43:14,654 INFO  [SoapUITestCaseRunner] Assertion [Valid HTTP Status Codes] has status VALID
2020-08-24 17:43:14,655 INFO  [SoapUITestCaseRunner] Finished running SoapUI testcase [TC_007], time taken: 1461ms, status: FINISHED
2020-08-24 17:43:14,660 INFO  [log] Status: FINISHED, time taken for TestCase was: 1461 ms
2020-08-24 17:43:14,664 INFO  [log] Number of test steps which ran: 4
2020-08-24 17:43:14,671 INFO  [SoapUITestCaseRunner] Running SoapUI testcase [TC_007]
2020-08-24 17:43:14,673 INFO  [SoapUITestCaseRunner] running step [Login]
2020-08-24 17:43:14,999 INFO  [log] upskills_admin
2020-08-24 17:43:14,999 INFO  [log] User logged in successfully
2020-08-24 17:43:15,012 INFO  [SoapUITestCaseRunner] Assertion [Valid HTTP Status Codes] has status VALID
2020-08-24 17:43:15,015 INFO  [SoapUITestCaseRunner] Assertion [Script Assertion] has status VALID
2020-08-24 17:43:15,016 INFO  [SoapUITestCaseRunner] running step [CreateCustomer]
2020-08-24 17:43:15,459 INFO  [log] {data=[], error=[Warning: E-Mail Address is already registered!], success=0}
2020-08-24 17:43:15,474 INFO  [log] []
2020-08-24 17:43:15,479 INFO  [log] []
2020-08-24 17:43:15,482 INFO  [SoapUITestCaseRunner] Assertion [Script Assertion] has status VALID
2020-08-24 17:43:15,483 INFO  [SoapUITestCaseRunner] running step [GetCustomerbyID]
2020-08-24 17:43:15,489 ERROR [SoapUI] An error occurred [Illegal character in path at index 53: http://rest-api.upskills.in/api/rest_admin/customers/[]], see error log for details
2020-08-24 17:43:15,493 ERROR [errorlog] java.net.URISyntaxException: Illegal character in path at index 53: http://rest-api.upskills.in/api/rest_admin/customers/[]
java.net.URISyntaxException: Illegal character in path at index 53: http://rest-api.upskills.in/api/rest_admin/customers/[]
	at java.net.URI$Parser.fail(URI.java:2848)
	at java.net.URI$Parser.checkChars(URI.java:3021)
	at java.net.URI$Parser.parseHierarchical(URI.java:3105)
	at java.net.URI$Parser.parse(URI.java:3053)
	at java.net.URI.<init>(URI.java:588)
	at org.apache.http.client.utils.URIUtils.createURI(URIUtils.java:106)
	at com.eviware.soapui.impl.wsdl.submit.filters.HttpRequestFilter.filterHttpRequest(HttpRequestFilter.java:219)
	at com.eviware.soapui.impl.wsdl.submit.filters.RestRequestFilter.filterRestRequest(RestRequestFilter.java:31)
	at com.eviware.soapui.impl.wsdl.submit.filters.AbstractRequestFilter.filterAbstractHttpRequest(AbstractRequestFilter.java:41)
	at com.eviware.soapui.impl.wsdl.submit.filters.AbstractRequestFilter.filterRequest(AbstractRequestFilter.java:33)
	at com.eviware.soapui.impl.wsdl.submit.transports.http.HttpClientRequestTransport.filterRequest(HttpClientRequestTransport.java:322)
	at com.eviware.soapui.impl.wsdl.submit.transports.http.HttpClientRequestTransport.sendRequest(HttpClientRequestTransport.java:184)
	at com.eviware.soapui.impl.wsdl.WsdlSubmit.run(WsdlSubmit.java:119)
	at com.eviware.soapui.impl.wsdl.WsdlSubmit.submitRequest(WsdlSubmit.java:79)
	at com.eviware.soapui.impl.rest.RestRequest.submit(RestRequest.java:192)
	at com.eviware.soapui.impl.wsdl.teststeps.RestTestRequestStep.run(RestTestRequestStep.java:794)
	at com.eviware.soapui.impl.wsdl.support.AbstractTestCaseRunner.runTestStep(AbstractTestCaseRunner.java:211)
	at com.eviware.soapui.impl.wsdl.testcase.WsdlTestCaseRunner.runCurrentTestStep(WsdlTestCaseRunner.java:47)
	at com.eviware.soapui.impl.wsdl.support.AbstractTestCaseRunner.internalRun(AbstractTestCaseRunner.java:138)
	at com.eviware.soapui.impl.wsdl.support.AbstractTestCaseRunner.internalRun(AbstractTestCaseRunner.java:46)
	at com.eviware.soapui.impl.wsdl.support.AbstractTestRunner.run(AbstractTestRunner.java:128)
	at com.eviware.soapui.impl.wsdl.support.AbstractTestRunner.start(AbstractTestRunner.java:76)
	at com.eviware.soapui.impl.wsdl.testcase.WsdlTestCase.run(WsdlTestCase.java:594)
	at com.eviware.soapui.impl.wsdl.testcase.WsdlTestCase.run(WsdlTestCase.java:78)
	at com.eviware.soapui.model.testsuite.TestCase$run.call(Unknown Source)
	at Script1.run(Script1.groovy:39)
	at com.eviware.soapui.support.scripting.groovy.SoapUIGroovyScriptEngine.run(SoapUIGroovyScriptEngine.java:90)
	at com.eviware.soapui.impl.wsdl.teststeps.WsdlGroovyScriptTestStep.run(WsdlGroovyScriptTestStep.java:141)
	at com.eviware.soapui.impl.wsdl.support.AbstractTestCaseRunner.runTestStep(AbstractTestCaseRunner.java:211)
	at com.eviware.soapui.impl.wsdl.testcase.WsdlTestCaseRunner.runCurrentTestStep(WsdlTestCaseRunner.java:47)
	at com.eviware.soapui.impl.wsdl.support.AbstractTestCaseRunner.internalRun(AbstractTestCaseRunner.java:138)
	at com.eviware.soapui.impl.wsdl.support.AbstractTestCaseRunner.internalRun(AbstractTestCaseRunner.java:46)
	at com.eviware.soapui.impl.wsdl.support.AbstractTestRunner.run(AbstractTestRunner.java:128)
	at java.util.concurrent.Executors$RunnableAdapter.call(Executors.java:511)
	at java.util.concurrent.FutureTask.run(FutureTask.java:266)
	at java.util.concurrent.ThreadPoolExecutor.runWorker(ThreadPoolExecutor.java:1149)
	at java.util.concurrent.ThreadPoolExecutor$Worker.run(ThreadPoolExecutor.java:624)
	at java.lang.Thread.run(Thread.java:748)
2020-08-24 17:43:16,469 INFO  [SoapUITestCaseRunner] Assertion [Valid HTTP Status Codes] has status VALID
2020-08-24 17:43:16,469 INFO  [SoapUITestCaseRunner] running step [Logout]
2020-08-24 17:43:16,837 INFO  [SoapUITestCaseRunner] Assertion [Valid HTTP Status Codes] has status VALID
2020-08-24 17:43:16,838 INFO  [SoapUITestCaseRunner] Finished running SoapUI testcase [TC_007], time taken: 1489ms, status: FINISHED
2020-08-24 17:43:16,839 INFO  [log] Status: FINISHED, time taken for TestCase was: 1489 ms
2020-08-24 17:43:16,843 INFO  [log] Number of test steps which ran: 4
2020-08-24 17:43:16,857 INFO  [SoapUITestCaseRunner] Running SoapUI testcase [TC_007]
2020-08-24 17:43:16,858 INFO  [SoapUITestCaseRunner] running step [Login]
2020-08-24 17:43:17,205 INFO  [log] upskills_admin
2020-08-24 17:43:17,206 INFO  [log] User logged in successfully
2020-08-24 17:43:17,209 INFO  [SoapUITestCaseRunner] Assertion [Valid HTTP Status Codes] has status VALID
2020-08-24 17:43:17,211 INFO  [SoapUITestCaseRunner] Assertion [Script Assertion] has status VALID
2020-08-24 17:43:17,214 INFO  [SoapUITestCaseRunner] running step [CreateCustomer]
2020-08-24 17:43:17,555 INFO  [log] {data=[], error=[Warning: E-Mail Address is already registered!], success=0}
2020-08-24 17:43:17,556 INFO  [log] []
2020-08-24 17:43:17,560 INFO  [log] []
2020-08-24 17:43:17,562 INFO  [SoapUITestCaseRunner] Assertion [Script Assertion] has status VALID
2020-08-24 17:43:17,565 INFO  [SoapUITestCaseRunner] running step [GetCustomerbyID]
2020-08-24 17:43:17,569 ERROR [SoapUI] An error occurred [Illegal character in path at index 53: http://rest-api.upskills.in/api/rest_admin/customers/[]], see error log for details
2020-08-24 17:43:17,573 ERROR [errorlog] java.net.URISyntaxException: Illegal character in path at index 53: http://rest-api.upskills.in/api/rest_admin/customers/[]
java.net.URISyntaxException: Illegal character in path at index 53: http://rest-api.upskills.in/api/rest_admin/customers/[]
	at java.net.URI$Parser.fail(URI.java:2848)
	at java.net.URI$Parser.checkChars(URI.java:3021)
	at java.net.URI$Parser.parseHierarchical(URI.java:3105)
	at java.net.URI$Parser.parse(URI.java:3053)
	at java.net.URI.<init>(URI.java:588)
	at org.apache.http.client.utils.URIUtils.createURI(URIUtils.java:106)
	at com.eviware.soapui.impl.wsdl.submit.filters.HttpRequestFilter.filterHttpRequest(HttpRequestFilter.java:219)
	at com.eviware.soapui.impl.wsdl.submit.filters.RestRequestFilter.filterRestRequest(RestRequestFilter.java:31)
	at com.eviware.soapui.impl.wsdl.submit.filters.AbstractRequestFilter.filterAbstractHttpRequest(AbstractRequestFilter.java:41)
	at com.eviware.soapui.impl.wsdl.submit.filters.AbstractRequestFilter.filterRequest(AbstractRequestFilter.java:33)
	at com.eviware.soapui.impl.wsdl.submit.transports.http.HttpClientRequestTransport.filterRequest(HttpClientRequestTransport.java:322)
	at com.eviware.soapui.impl.wsdl.submit.transports.http.HttpClientRequestTransport.sendRequest(HttpClientRequestTransport.java:184)
	at com.eviware.soapui.impl.wsdl.WsdlSubmit.run(WsdlSubmit.java:119)
	at com.eviware.soapui.impl.wsdl.WsdlSubmit.submitRequest(WsdlSubmit.java:79)
	at com.eviware.soapui.impl.rest.RestRequest.submit(RestRequest.java:192)
	at com.eviware.soapui.impl.wsdl.teststeps.RestTestRequestStep.run(RestTestRequestStep.java:794)
	at com.eviware.soapui.impl.wsdl.support.AbstractTestCaseRunner.runTestStep(AbstractTestCaseRunner.java:211)
	at com.eviware.soapui.impl.wsdl.testcase.WsdlTestCaseRunner.runCurrentTestStep(WsdlTestCaseRunner.java:47)
	at com.eviware.soapui.impl.wsdl.support.AbstractTestCaseRunner.internalRun(AbstractTestCaseRunner.java:138)
	at com.eviware.soapui.impl.wsdl.support.AbstractTestCaseRunner.internalRun(AbstractTestCaseRunner.java:46)
	at com.eviware.soapui.impl.wsdl.support.AbstractTestRunner.run(AbstractTestRunner.java:128)
	at com.eviware.soapui.impl.wsdl.support.AbstractTestRunner.start(AbstractTestRunner.java:76)
	at com.eviware.soapui.impl.wsdl.testcase.WsdlTestCase.run(WsdlTestCase.java:594)
	at com.eviware.soapui.impl.wsdl.testcase.WsdlTestCase.run(WsdlTestCase.java:78)
	at com.eviware.soapui.model.testsuite.TestCase$run.call(Unknown Source)
	at Script1.run(Script1.groovy:39)
	at com.eviware.soapui.support.scripting.groovy.SoapUIGroovyScriptEngine.run(SoapUIGroovyScriptEngine.java:90)
	at com.eviware.soapui.impl.wsdl.teststeps.WsdlGroovyScriptTestStep.run(WsdlGroovyScriptTestStep.java:141)
	at com.eviware.soapui.impl.wsdl.support.AbstractTestCaseRunner.runTestStep(AbstractTestCaseRunner.java:211)
	at com.eviware.soapui.impl.wsdl.testcase.WsdlTestCaseRunner.runCurrentTestStep(WsdlTestCaseRunner.java:47)
	at com.eviware.soapui.impl.wsdl.support.AbstractTestCaseRunner.internalRun(AbstractTestCaseRunner.java:138)
	at com.eviware.soapui.impl.wsdl.support.AbstractTestCaseRunner.internalRun(AbstractTestCaseRunner.java:46)
	at com.eviware.soapui.impl.wsdl.support.AbstractTestRunner.run(AbstractTestRunner.java:128)
	at java.util.concurrent.Executors$RunnableAdapter.call(Executors.java:511)
	at java.util.concurrent.FutureTask.run(FutureTask.java:266)
	at java.util.concurrent.ThreadPoolExecutor.runWorker(ThreadPoolExecutor.java:1149)
	at java.util.concurrent.ThreadPoolExecutor$Worker.run(ThreadPoolExecutor.java:624)
	at java.lang.Thread.run(Thread.java:748)
2020-08-24 17:43:18,238 INFO  [SoapUITestCaseRunner] Assertion [Valid HTTP Status Codes] has status VALID
2020-08-24 17:43:18,240 INFO  [SoapUITestCaseRunner] running step [Logout]
2020-08-24 17:43:18,558 INFO  [SoapUITestCaseRunner] Assertion [Valid HTTP Status Codes] has status VALID
2020-08-24 17:43:18,560 INFO  [SoapUITestCaseRunner] Finished running SoapUI testcase [TC_007], time taken: 1363ms, status: FINISHED
2020-08-24 17:43:18,560 INFO  [log] Status: FINISHED, time taken for TestCase was: 1363 ms
2020-08-24 17:43:18,562 INFO  [log] Number of test steps which ran: 4
2020-08-24 17:43:18,563 INFO  [SoapUITestCaseRunner] Finished running SoapUI testcase [DatadrivenTest_TC007], time taken: 10971ms, status: FINISHED
2020-08-24 17:43:18,569 INFO  [SoapUITestCaseRunner] Project [REST Assignment Project] finished with status [FINISHED] in 28745ms
2020-08-24 17:43:28,781 WARN  [Tools] Could not delete temporary directory C:\Users\ANITHA~1\AppData\Local\Temp\72b2313f-5c03-4ef1-852e-0d90f9b9a41a
2020-08-24 17:43:28,809 WARN  [Tools] Could not delete temporary directory C:\Users\ANITHA~1\AppData\Local\Temp\f545bce3-86d6-451d-bee9-fc7d41a7396a
